<?xml version="1.0" encoding="UTF-8"?>
<testsuite xmlns:xsi="http://www.w3.org/2001/XMLSchema-instance" xsi:noNamespaceSchemaLocation="https://maven.apache.org/surefire/maven-surefire-plugin/xsd/surefire-test-report-3.0.xsd" version="3.0" name="com.proyecto.PlayApp.ProyectoApplicationTests" time="171.689" tests="1" errors="0" skipped="0" failures="0">
  <properties>
[...]
</properties>
  <testcase name="contextLoads" classname="com.proyecto.PlayApp.ProyectoApplicationTests" time="21.599">
    <system-out><![CDATA[03:55:31.361 [main] INFO org.springframework.test.context.support.AnnotationConfigContextLoaderUtils -- Could not detect default configuration classes for test class [com.proyecto.PlayApp.ProyectoApplicationTests]: ProyectoApplicationTests does not declare any static, non-private, non-final, nested classes annotated with @Configuration.
03:55:38.044 [main] INFO org.springframework.boot.test.context.SpringBootTestContextBootstrapper -- Found @SpringBootConfiguration com.proyecto.PlayApp.ProyectoApplication for test class com.proyecto.PlayApp.ProyectoApplicationTests
03:55:53.992 [main] INFO org.springframework.boot.devtools.restart.RestartApplicationListener -- Restart disabled due to context in which it is running

  .   ____          _            __ _ _
 /\\ / ___'_ __ _ _(_)_ __  __ _ \ \ \ \
( ( )\___ | '_ | '_| | '_ \/ _` | \ \ \ \
 \\/  ___)| |_)| | | | | || (_| |  ) ) ) )
  '  |____| .__|_| |_|_| |_\__, | / / / /
 =========|_|==============|___/=/_/_/_/

 :: Spring Boot ::                (v3.3.5)

2025-05-15T03:56:11.531-05:00  WARN 2012 --- [           main] ory$DuplicateJsonObjectContextCustomizer : 

Found multiple occurrences of org.json.JSONObject on the class path:

	jar:file:/C:/Users/HP-14BS006LA/.m2/repository/com/vaadin/external/google/android-json/0.0.20131108.vaadin1/android-json-0.0.20131108.vaadin1.jar!/org/json/JSONObject.class
	jar:file:/C:/Users/HP-14BS006LA/.m2/repository/org/json/json/20231013/json-20231013.jar!/org/json/JSONObject.class

You may wish to exclude one of them to ensure predictable runtime behavior

2025-05-15T03:56:12.571-05:00  INFO 2012 --- [           main] c.p.PlayApp.ProyectoApplicationTests     : Starting ProyectoApplicationTests using Java 22.0.2 with PID 2012 (started by HP-14BS006LA in D:\Tecnologico Comfenalco\Semestre 2\Desarrollo de Software II\PlayApp-main)
2025-05-15T03:56:12.571-05:00  INFO 2012 --- [           main] c.p.PlayApp.ProyectoApplicationTests     : No active profile set, falling back to 1 default profile: "default"
2025-05-15T03:56:41.182-05:00  INFO 2012 --- [           main] .s.d.r.c.RepositoryConfigurationDelegate : Multiple Spring Data modules found, entering strict repository configuration mode
2025-05-15T03:56:41.188-05:00  INFO 2012 --- [           main] .s.d.r.c.RepositoryConfigurationDelegate : Bootstrapping Spring Data MongoDB repositories in DEFAULT mode.
2025-05-15T03:56:47.197-05:00  INFO 2012 --- [           main] .s.d.r.c.RepositoryConfigurationDelegate : Finished Spring Data repository scanning in 5990 ms. Found 5 MongoDB repository interfaces.
2025-05-15T03:56:48.610-05:00  INFO 2012 --- [           main] .s.d.r.c.RepositoryConfigurationDelegate : Multiple Spring Data modules found, entering strict repository configuration mode
2025-05-15T03:56:48.625-05:00  INFO 2012 --- [           main] .s.d.r.c.RepositoryConfigurationDelegate : Bootstrapping Spring Data Redis repositories in DEFAULT mode.
2025-05-15T03:56:48.820-05:00  INFO 2012 --- [           main] .RepositoryConfigurationExtensionSupport : Spring Data Redis - Could not safely identify store assignment for repository candidate interface com.proyecto.PlayApp.repository.MensajeRepository; If you want this repository to be a Redis repository, consider annotating your entities with one of these annotations: org.springframework.data.redis.core.RedisHash (preferred), or consider extending one of the following types with your repository: org.springframework.data.keyvalue.repository.KeyValueRepository
2025-05-15T03:56:48.823-05:00  INFO 2012 --- [           main] .RepositoryConfigurationExtensionSupport : Spring Data Redis - Could not safely identify store assignment for repository candidate interface com.proyecto.PlayApp.repository.PedidoRepository; If you want this repository to be a Redis repository, consider annotating your entities with one of these annotations: org.springframework.data.redis.core.RedisHash (preferred), or consider extending one of the following types with your repository: org.springframework.data.keyvalue.repository.KeyValueRepository
2025-05-15T03:56:48.823-05:00  INFO 2012 --- [           main] .RepositoryConfigurationExtensionSupport : Spring Data Redis - Could not safely identify store assignment for repository candidate interface com.proyecto.PlayApp.repository.ProductoRepository; If you want this repository to be a Redis repository, consider annotating your entities with one of these annotations: org.springframework.data.redis.core.RedisHash (preferred), or consider extending one of the following types with your repository: org.springframework.data.keyvalue.repository.KeyValueRepository
2025-05-15T03:56:48.825-05:00  INFO 2012 --- [           main] .RepositoryConfigurationExtensionSupport : Spring Data Redis - Could not safely identify store assignment for repository candidate interface com.proyecto.PlayApp.repository.ResenaRepository; If you want this repository to be a Redis repository, consider annotating your entities with one of these annotations: org.springframework.data.redis.core.RedisHash (preferred), or consider extending one of the following types with your repository: org.springframework.data.keyvalue.repository.KeyValueRepository
2025-05-15T03:56:48.825-05:00  INFO 2012 --- [           main] .RepositoryConfigurationExtensionSupport : Spring Data Redis - Could not safely identify store assignment for repository candidate interface com.proyecto.PlayApp.repository.UsuarioRepository; If you want this repository to be a Redis repository, consider annotating your entities with one of these annotations: org.springframework.data.redis.core.RedisHash (preferred), or consider extending one of the following types with your repository: org.springframework.data.keyvalue.repository.KeyValueRepository
2025-05-15T03:56:48.825-05:00  INFO 2012 --- [           main] .s.d.r.c.RepositoryConfigurationDelegate : Finished Spring Data repository scanning in 21 ms. Found 0 Redis repository interfaces.
2025-05-15T03:57:13.079-05:00  INFO 2012 --- [jcu.mongodb.net] org.mongodb.driver.cluster               : Adding discovered server ac-dr63m70-shard-00-00.qwyijcu.mongodb.net:27017 to client view of cluster
2025-05-15T03:57:13.503-05:00  INFO 2012 --- [           main] org.mongodb.driver.client                : MongoClient with metadata {"application": {"name": "ClusterMongoP"}, "driver": {"name": "mongo-java-driver|sync|spring-boot", "version": "5.0.1"}, "os": {"type": "Windows", "name": "Windows 11", "architecture": "amd64", "version": "10.0"}, "platform": "Java/Oracle Corporation/22.0.2+9-70"} created with settings MongoClientSettings{readPreference=primary, writeConcern=WriteConcern{w=majority, wTimeout=null ms, journal=null}, retryWrites=true, retryReads=true, readConcern=ReadConcern{level=null}, credential=MongoCredential{mechanism=null, userName='naterskr', source='admin', password=<hidden>, mechanismProperties=<hidden>}, transportSettings=null, commandListeners=[], codecRegistry=ProvidersCodecRegistry{codecProviders=[ValueCodecProvider{}, BsonValueCodecProvider{}, DBRefCodecProvider{}, DBObjectCodecProvider{}, DocumentCodecProvider{}, CollectionCodecProvider{}, IterableCodecProvider{}, MapCodecProvider{}, GeoJsonCodecProvider{}, GridFSFileCodecProvider{}, Jsr310CodecProvider{}, JsonObjectCodecProvider{}, BsonCodecProvider{}, EnumCodecProvider{}, com.mongodb.client.model.mql.ExpressionCodecProvider@5600a5da, com.mongodb.Jep395RecordCodecProvider@551be9f6, com.mongodb.KotlinCodecProvider@269222ae]}, loggerSettings=LoggerSettings{maxDocumentLength=1000}, clusterSettings={hosts=[127.0.0.1:27017], srvHost=clustermongop.qwyijcu.mongodb.net, srvServiceName=mongodb, mode=MULTIPLE, requiredClusterType=REPLICA_SET, requiredReplicaSetName='atlas-qmw2me-shard-0', serverSelector='null', clusterListeners='[]', serverSelectionTimeout='30000 ms', localThreshold='15 ms'}, socketSettings=SocketSettings{connectTimeoutMS=10000, readTimeoutMS=0, receiveBufferSize=0, proxySettings=ProxySettings{host=null, port=null, username=null, password=null}}, heartbeatSocketSettings=SocketSettings{connectTimeoutMS=10000, readTimeoutMS=10000, receiveBufferSize=0, proxySettings=ProxySettings{host=null, port=null, username=null, password=null}}, connectionPoolSettings=ConnectionPoolSettings{maxSize=100, minSize=0, maxWaitTimeMS=120000, maxConnectionLifeTimeMS=0, maxConnectionIdleTimeMS=0, maintenanceInitialDelayMS=0, maintenanceFrequencyMS=60000, connectionPoolListeners=[], maxConnecting=2}, serverSettings=ServerSettings{heartbeatFrequencyMS=10000, minHeartbeatFrequencyMS=500, serverListeners='[]', serverMonitorListeners='[]'}, sslSettings=SslSettings{enabled=true, invalidHostNameAllowed=false, context=null}, applicationName='ClusterMongoP', compressorList=[], uuidRepresentation=JAVA_LEGACY, serverApi=null, autoEncryptionSettings=null, dnsClient=null, inetAddressResolver=null, contextProvider=null}
2025-05-15T03:57:13.707-05:00  INFO 2012 --- [jcu.mongodb.net] org.mongodb.driver.cluster               : Adding discovered server ac-dr63m70-shard-00-01.qwyijcu.mongodb.net:27017 to client view of cluster
2025-05-15T03:57:13.708-05:00  INFO 2012 --- [jcu.mongodb.net] org.mongodb.driver.cluster               : Adding discovered server ac-dr63m70-shard-00-02.qwyijcu.mongodb.net:27017 to client view of cluster
2025-05-15T03:57:36.953-05:00  INFO 2012 --- [           main] eAuthenticationProviderManagerConfigurer : Global AuthenticationManager configured with AuthenticationProvider bean with name authenticationProvider
2025-05-15T03:57:36.954-05:00  WARN 2012 --- [           main] r$InitializeUserDetailsManagerConfigurer : Global AuthenticationManager configured with an AuthenticationProvider bean. UserDetailsService beans will not be used for username/password login. Consider removing the AuthenticationProvider bean. Alternatively, consider using the UserDetailsService in a manually instantiated DaoAuthenticationProvider.
2025-05-15T03:57:39.046-05:00  INFO 2012 --- [ngodb.net:27017] org.mongodb.driver.cluster               : Monitor thread successfully connected to server with description ServerDescription{address=ac-dr63m70-shard-00-00.qwyijcu.mongodb.net:27017, type=REPLICA_SET_SECONDARY, state=CONNECTED, ok=true, minWireVersion=0, maxWireVersion=25, maxDocumentSize=16777216, logicalSessionTimeoutMinutes=30, roundTripTimeNanos=7970904400, setName='atlas-qmw2me-shard-0', canonicalAddress=ac-dr63m70-shard-00-00.qwyijcu.mongodb.net:27017, hosts=[ac-dr63m70-shard-00-00.qwyijcu.mongodb.net:27017, ac-dr63m70-shard-00-01.qwyijcu.mongodb.net:27017, ac-dr63m70-shard-00-02.qwyijcu.mongodb.net:27017], passives=[], arbiters=[], primary='ac-dr63m70-shard-00-01.qwyijcu.mongodb.net:27017', tagSet=TagSet{[Tag{name='availabilityZone', value='use1-az1'}, Tag{name='diskState', value='READY'}, Tag{name='nodeType', value='ELECTABLE'}, Tag{name='provider', value='AWS'}, Tag{name='region', value='US_EAST_1'}, Tag{name='workloadType', value='OPERATIONAL'}]}, electionId=null, setVersion=168, topologyVersion=TopologyVersion{processId=6824ff90c45d6b34776be6db, counter=5}, lastWriteDate=Thu May 15 03:57:39 COT 2025, lastUpdateTimeNanos=4338837706900}
2025-05-15T03:57:39.046-05:00  INFO 2012 --- [ngodb.net:27017] org.mongodb.driver.cluster               : Monitor thread successfully connected to server with description ServerDescription{address=ac-dr63m70-shard-00-02.qwyijcu.mongodb.net:27017, type=REPLICA_SET_SECONDARY, state=CONNECTED, ok=true, minWireVersion=0, maxWireVersion=25, maxDocumentSize=16777216, logicalSessionTimeoutMinutes=30, roundTripTimeNanos=7970877900, setName='atlas-qmw2me-shard-0', canonicalAddress=ac-dr63m70-shard-00-02.qwyijcu.mongodb.net:27017, hosts=[ac-dr63m70-shard-00-00.qwyijcu.mongodb.net:27017, ac-dr63m70-shard-00-01.qwyijcu.mongodb.net:27017, ac-dr63m70-shard-00-02.qwyijcu.mongodb.net:27017], passives=[], arbiters=[], primary='ac-dr63m70-shard-00-01.qwyijcu.mongodb.net:27017', tagSet=TagSet{[Tag{name='availabilityZone', value='use1-az5'}, Tag{name='diskState', value='READY'}, Tag{name='nodeType', value='ELECTABLE'}, Tag{name='provider', value='AWS'}, Tag{name='region', value='US_EAST_1'}, Tag{name='workloadType', value='OPERATIONAL'}]}, electionId=null, setVersion=168, topologyVersion=TopologyVersion{processId=682500caec1e65bda0a5faf9, counter=5}, lastWriteDate=Thu May 15 03:57:39 COT 2025, lastUpdateTimeNanos=4338837706900}
2025-05-15T03:57:39.046-05:00  INFO 2012 --- [ngodb.net:27017] org.mongodb.driver.cluster               : Monitor thread successfully connected to server with description ServerDescription{address=ac-dr63m70-shard-00-01.qwyijcu.mongodb.net:27017, type=REPLICA_SET_PRIMARY, state=CONNECTED, ok=true, minWireVersion=0, maxWireVersion=25, maxDocumentSize=16777216, logicalSessionTimeoutMinutes=30, roundTripTimeNanos=7970904300, setName='atlas-qmw2me-shard-0', canonicalAddress=ac-dr63m70-shard-00-01.qwyijcu.mongodb.net:27017, hosts=[ac-dr63m70-shard-00-00.qwyijcu.mongodb.net:27017, ac-dr63m70-shard-00-01.qwyijcu.mongodb.net:27017, ac-dr63m70-shard-00-02.qwyijcu.mongodb.net:27017], passives=[], arbiters=[], primary='ac-dr63m70-shard-00-01.qwyijcu.mongodb.net:27017', tagSet=TagSet{[Tag{name='availabilityZone', value='use1-az2'}, Tag{name='diskState', value='READY'}, Tag{name='nodeType', value='ELECTABLE'}, Tag{name='provider', value='AWS'}, Tag{name='region', value='US_EAST_1'}, Tag{name='workloadType', value='OPERATIONAL'}]}, electionId=7fffffff00000000000000d7, setVersion=168, topologyVersion=TopologyVersion{processId=6824feca7241235aa9076b5c, counter=9}, lastWriteDate=Thu May 15 03:57:39 COT 2025, lastUpdateTimeNanos=4338837706900}
2025-05-15T03:57:39.105-05:00  INFO 2012 --- [ngodb.net:27017] org.mongodb.driver.cluster               : Discovered replica set primary ac-dr63m70-shard-00-01.qwyijcu.mongodb.net:27017 with max election id 7fffffff00000000000000d7 and max set version 168
2025-05-15T03:57:39.780-05:00  INFO 2012 --- [           main] o.s.b.a.w.s.WelcomePageHandlerMapping    : Adding welcome page template: index
2025-05-15T03:57:50.560-05:00  INFO 2012 --- [           main] c.p.PlayApp.ProyectoApplicationTests     : Started ProyectoApplicationTests in 117.671 seconds (process running for 165.388)
✅ Entidades found: 510
🚨 No productos found in the database.
🚨 No pedidos found in the database.
]]></system-out>
    <system-err><![CDATA[WARNING: A Java agent has been loaded dynamically (C:\Users\HP-14BS006LA\.m2\repository\net\bytebuddy\byte-buddy-agent\1.14.19\byte-buddy-agent-1.14.19.jar)
WARNING: If a serviceability tool is in use, please run with -XX:+EnableDynamicAgentLoading to hide this warning
WARNING: If a serviceability tool is not in use, please run with -Djdk.instrument.traceUsage for more information
WARNING: Dynamic loading of agents will be disallowed by default in a future release
]]></system-err>
  </testcase>
</testsuite>